Log file open, 12/06/24 11:34:08
LogTrace: Initializing trace...
LogTrace: Finished trace initialization.
LogInit: Session CrashGUID >====================================================
         Session CrashGUID >   UECC-Windows-22735F1C429DC189C0EA7182F967244F
         Session CrashGUID >====================================================
LogConfig: No local boot hotfix file found at: [../../../../../../Users/stixo/Documents/Unreal Projects/TopDownUE/Saved/PersistentDownloadDir/HotfixForNextBoot.txt]
LogPluginManager: Mounting Engine plugin PlatformCrypto
LogInit: ExecutableName: UnrealPak.exe
LogInit: Build: ++UE5+Release-5.5-CL-37670630
LogInit: Platform=WindowsEditor
LogInit: MachineId=3628296f4db1aa1715162ab69f290e12
LogInit: DeviceId=
LogInit: Engine Version: 5.5.0-37670630+++UE5+Release-5.5
LogInit: Compatible Engine Version: 5.5.0-37670630+++UE5+Release-5.5
LogInit: Net CL: 37670630
LogInit: OS: Windows 11 (24H2) [10.0.26100.2454] (), CPU: Intel(R) Core(TM) i7-10750H CPU @ 2.60GHz, GPU: NVIDIA GeForce GTX 1660 Ti
LogInit: Compiled (64-bit): Oct 31 2024 22:28:44
LogInit: Architecture: x64
LogInit: Compiled with Visual C++: 19.38.33130.00
LogInit: Build Configuration: Development
LogInit: Branch Name: ++UE5+Release-5.5
LogInit: Command Line: -CreateGlobalContainer="C:\Users\stixo\Documents\Unreal Projects\TopDownUE\Saved\StagedBuilds\Windows\TopDownUE\Content\Paks\global.utoc" -PackageStoreManifest="C:\Users\stixo\Documents\Unreal Projects\TopDownUE\Saved\Cooked\Windows\TopDownUE\Metadata\packagestore.manifest" -CookedDirectory="C:\Users\stixo\Documents\Unreal Projects\TopDownUE\Saved\Cooked\Windows" -Commands="C:\Users\stixo\AppData\Roaming\Unreal Engine\AutomationTool\Logs\C+Program+Files+Epic+Games+UE_5.5\IoStoreCommands.txt" -ScriptObjects="C:\Users\stixo\Documents\Unreal Projects\TopDownUE\Saved\Cooked\Windows\TopDownUE\Metadata\scriptobjects.bin" -patchpaddingalign=2048 -compressionformats=Oodle -compresslevel=4 -compressmethod=Kraken -cryptokeys="C:\Users\stixo\Documents\Unreal Projects\TopDownUE\Saved\Cooked\Windows\TopDownUE\Metadata\Crypto.json" -compressionMinBytesSaved=1024 -compressionMinPercentSaved=5 -WriteBackMetadataToAssetRegistry=Disabled -nopak
LogInit: Base Directory: C:/Program Files/Epic Games/UE_5.5/Engine/Binaries/Win64/
LogInit: Allocator: Mimalloc
LogInit: Installed Engine Build: 1
LogInit: This binary is optimized with LTO: no, PGO: no, instrumented for PGO data collection: no
LogDevObjectVersion: Number of dev versions registered: 35
LogDevObjectVersion:   Dev-Blueprints (B0D832E4-1F89-4F0D-ACCF-7EB736FD4AA2): 10
LogDevObjectVersion:   Dev-Build (E1C64328-A22C-4D53-A36C-8E866417BD8C): 0
LogDevObjectVersion:   Dev-Core (375EC13C-06E4-48FB-B500-84F0262A717E): 4
LogDevObjectVersion:   Dev-Editor (E4B068ED-F494-42E9-A231-DA0B2E46BB41): 40
LogDevObjectVersion:   Dev-Framework (CFFC743F-43B0-4480-9391-14DF171D2073): 37
LogDevObjectVersion:   Dev-Mobile (B02B49B5-BB20-44E9-A304-32B752E40360): 3
LogDevObjectVersion:   Dev-Networking (A4E4105C-59A1-49B5-A7C5-40C4547EDFEE): 0
LogDevObjectVersion:   Dev-Online (39C831C9-5AE6-47DC-9A44-9C173E1C8E7C): 0
LogDevObjectVersion:   Dev-Physics (78F01B33-EBEA-4F98-B9B4-84EACCB95AA2): 20
LogDevObjectVersion:   Dev-Platform (6631380F-2D4D-43E0-8009-CF276956A95A): 0
LogDevObjectVersion:   Dev-Rendering (12F88B9F-8875-4AFC-A67C-D90C383ABD29): 49
LogDevObjectVersion:   Dev-Sequencer (7B5AE74C-D270-4C10-A958-57980B212A5A): 13
LogDevObjectVersion:   Dev-VR (D7296918-1DD6-4BDD-9DE2-64A83CC13884): 3
LogDevObjectVersion:   Dev-LoadTimes (C2A15278-BFE7-4AFE-6C17-90FF531DF755): 1
LogDevObjectVersion:   Private-Geometry (6EACA3D4-40EC-4CC1-B786-8BED09428FC5): 3
LogDevObjectVersion:   Dev-AnimPhys (29E575DD-E0A3-4627-9D10-D276232CDCEA): 17
LogDevObjectVersion:   Dev-Anim (AF43A65D-7FD3-4947-9873-3E8ED9C1BB05): 15
LogDevObjectVersion:   Dev-ReflectionCapture (6B266CEC-1EC7-4B8F-A30B-E4D90942FC07): 1
LogDevObjectVersion:   Dev-Automation (0DF73D61-A23F-47EA-B727-89E90C41499A): 1
LogDevObjectVersion:   FortniteMain (601D1886-AC64-4F84-AA16-D3DE0DEAC7D6): 170
LogDevObjectVersion:   FortniteValkyrie (8DBC2C5B-54A7-43E0-A768-FCBB7DA29060): 8
LogDevObjectVersion:   FortniteSeason (5B4C06B7-2463-4AF8-805B-BF70CDF5D0DD): 13
LogDevObjectVersion:   FortniteRelease (E7086368-6B23-4C58-8439-1B7016265E91): 15
LogDevObjectVersion:   Dev-Enterprise (9DFFBCD6-494F-0158-E221-12823C92A888): 10
LogDevObjectVersion:   Dev-Niagara (F2AED0AC-9AFE-416F-8664-AA7FFA26D6FC): 1
LogDevObjectVersion:   Dev-Destruction (174F1F0B-B4C6-45A5-B13F-2EE8D0FB917D): 10
LogDevObjectVersion:   Dev-Physics-Ext (35F94A83-E258-406C-A318-09F59610247C): 41
LogDevObjectVersion:   Dev-PhysicsMaterial-Chaos (B68FC16E-8B1B-42E2-B453-215C058844FE): 1
LogDevObjectVersion:   Dev-CineCamera (B2E18506-4273-CFC2-A54E-F4BB758BBA07): 1
LogDevObjectVersion:   Dev-VirtualProduction (64F58936-FD1B-42BA-BA96-7289D5D0FA4E): 1
LogDevObjectVersion:   UE5-Main (697DD581-E64F-41AB-AA4A-51ECBEB7B628): 119
LogDevObjectVersion:   UE5-Release (D89B5E42-24BD-4D46-8412-ACA8DF641779): 51
LogDevObjectVersion:   UE5-PrivateFrosty (59DA5D52-1232-4948-B878-597870B8E98B): 8
LogDevObjectVersion:   Dev-MediaFramework (6F0ED827-A609-4895-9C91-998D90180EA4): 2
LogDevObjectVersion:   Dev-NaniteResearch (30D58BE3-95EA-4282-A6E3-B159D8EBB06A): 1
LogConfig: Branch 'PlatformCrypto' had been unloaded. Reloading on-demand took 0.45ms
LogInit: Presizing for max 100000 objects, including 0 objects not considered by GC.
LogStreaming: Display: AsyncLoading2 - Created: Event Driven Loader: false, Async Loading Thread: false, Async Post Load: false
LogStreaming: Display: AsyncLoading2 - Initialized
LogInit: Object subsystem initialized
LogConfig: Applying CVar settings from Section [Startup] File [../../../Engine/Config/ConsoleVariables.ini]
LogConfig: CVar [[r.DumpShaderDebugInfo:2]] deferred - dummy variable created
LogConfig: CVar [[p.chaos.AllowCreatePhysxBodies:1]] deferred - dummy variable created
LogConfig: CVar [[fx.SkipVectorVMBackendOptimizations:1]] deferred - dummy variable created
LogConfig: CVar [[ds.CADTranslator.Meshing.ActivateThinZoneMeshing:0]] deferred - dummy variable created
LogConfig: CVar [[ds.CADTranslator.Stitching.RemoveThinFaces:0]] deferred - dummy variable created
LogConfig: Applying CVar settings from Section [Startup_Windows] File [../../../Engine/Config/ConsoleVariables.ini]
LogConfig: Applying CVar settings from Section [ConsoleVariables] File [Engine]
[2024.12.06-06.34.08:397][  0]LogConfig: Set CVar [[memory.MemoryPressureCriticalThresholdMB:512]]
[2024.12.06-06.34.08:397][  0]LogInit: Computer: MSI
[2024.12.06-06.34.08:397][  0]LogInit: User: stixo
[2024.12.06-06.34.08:397][  0]LogInit: CPU Page size=4096, Cores=6
[2024.12.06-06.34.08:397][  0]LogInit: High frequency timer resolution =10.000000 MHz
[2024.12.06-06.34.08:801][  0]LogMemory: Memory total: Physical=31.8GB (32GB approx) Virtual=31.9GB
[2024.12.06-06.34.08:801][  0]LogMemory: Platform Memory Stats for WindowsEditor
[2024.12.06-06.34.08:801][  0]LogMemory: Process Physical Memory: 64.36 MB used, 65.14 MB peak
[2024.12.06-06.34.08:801][  0]LogMemory: Process Virtual Memory: 123.59 MB used, 123.59 MB peak
[2024.12.06-06.34.08:801][  0]LogMemory: Physical Memory: 15346.65 MB used,  17241.52 MB free, 32588.16 MB total
[2024.12.06-06.34.08:801][  0]LogMemory: Virtual Memory: 20407.49 MB used,  12280.67 MB free, 32688.16 MB total
[2024.12.06-06.34.08:810][  0]LogAssetRegistry: FAssetRegistry took 0.0002 seconds to start up
[2024.12.06-06.34.08:811][  0]LogUObjectArray: 438 objects as part of root set at end of initial load.
[2024.12.06-06.34.08:811][  0]LogUObjectArray: CloseDisregardForGC: 0/0 objects in disregard for GC pool
[2024.12.06-06.34.08:812][  0]LogStreaming: Display: AsyncLoading2 - NotifyRegistrationComplete: Registered 428 public script object entries (15.03 KB)
[2024.12.06-06.34.08:812][  0]LogStreaming: Display: AsyncLoading2 - Thread Started: false, IsInitialLoad: false
[2024.12.06-06.34.08:813][  0]LogInit: Using OS detected language ().
[2024.12.06-06.34.08:813][  0]LogInit: Using OS detected locale ().
[2024.12.06-06.34.08:814][  0]LogTextLocalizationManager: No localization for '' exists, so 'en' will be used for the language.
[2024.12.06-06.34.08:814][  0]LogTextLocalizationManager: No localization for '' exists, so 'en' will be used for the locale.
[2024.12.06-06.34.08:814][  0]LogInit: Using OS detected language ().
[2024.12.06-06.34.08:814][  0]LogInit: Using OS detected locale ().
[2024.12.06-06.34.08:814][  0]LogTextLocalizationManager: No localization for '' exists, so 'en' will be used for the language.
[2024.12.06-06.34.08:815][  0]LogTextLocalizationManager: No localization for '' exists, so 'en' will be used for the locale.
[2024.12.06-06.34.08:815][  0]LogPakFile: Display: ProjectDir: ../../../../../../Users/stixo/Documents/Unreal Projects/TopDownUE/
[2024.12.06-06.34.08:815][  0]LogIoStore: Display: ==================== IoStore Utils ====================
[2024.12.06-06.34.08:815][  0]LogIoStore: Display: Parsing crypto keys from a crypto key cache file 'C:\Users\stixo\Documents\Unreal Projects\TopDownUE\Saved\Cooked\Windows\TopDownUE\Metadata\Crypto.json'
[2024.12.06-06.34.08:815][  0]LogIoStore: Display: Container signing - DISABLED
[2024.12.06-06.34.08:815][  0]LogIoStore: Display: Directory index - ENABLED
[2024.12.06-06.34.08:815][  0]LogIoStore: Display: Using compression format 'Oodle'
[2024.12.06-06.34.08:815][  0]LogIoStore: Display: Using memory mapping alignment '16384'
[2024.12.06-06.34.08:815][  0]LogIoStore: Display: Using compression block size '65536'
[2024.12.06-06.34.08:815][  0]LogIoStore: Display: Using compression block alignment '2048'
[2024.12.06-06.34.08:815][  0]LogIoStore: Display: Using compression min bytes saved '1024'
[2024.12.06-06.34.08:815][  0]LogIoStore: Display: Using compression min percent saved '5'
[2024.12.06-06.34.08:815][  0]LogIoStore: Display: Using max partition size '0'
[2024.12.06-06.34.08:815][  0]LogIoStore: Display: Not using DDC for compression
[2024.12.06-06.34.08:815][  0]LogIoStore: Display: Using command list file: 'C:\Users\stixo\AppData\Roaming\Unreal Engine\AutomationTool\Logs\C+Program+Files+Epic+Games+UE_5.5\IoStoreCommands.txt'
[2024.12.06-06.34.08:837][  0]LogIoStore: Display: Selected Oodle level 4 (Normal) from command line for shaders
[2024.12.06-06.34.08:837][  0]LogIoStore: Display: Fetched 865 oplog items from Manifest in 0.00 seconds
[2024.12.06-06.34.08:841][  0]LogIoStore: Display: Parsed 865 oplog items 0.00 seconds, 1274 chunks
[2024.12.06-06.34.08:853][  0]LogIoStore: Display: Using input asset registry: C:/Users/stixo/Documents/Unreal Projects/TopDownUE/Saved/Cooked/Windows/TopDownUE/Metadata/DevelopmentAssetRegistry.bin
[2024.12.06-06.34.08:860][  0]LogIoStore: Display: Loaded 417 chunk hashes from AssetRegistry in 0.02 seconds, 417 hashes updated in 0.00 seconds
[2024.12.06-06.34.08:861][  0]LogIoStore: Display: Searching for cooked assets in folder 'C:\Users\stixo\Documents\Unreal Projects\TopDownUE\Saved\Cooked\Windows'
[2024.12.06-06.34.08:899][  0]LogIoStore: Display: Found '2139' files
[2024.12.06-06.34.08:912][  0]LogIoStore: Display: Creating container targets...
[2024.12.06-06.34.08:915][  0]OodleDataCompression: Display: Oodle v2.9.12 format for pak/iostore with method=Kraken, level=4=Normal
[2024.12.06-06.34.08:970][  0]LogIoStore: Display: Parsing packages...
[2024.12.06-06.34.08:971][  0]LogIoStore: Display: Reading package assets...
[2024.12.06-06.34.08:991][  0]LogIoStore: Display: Packages read 857 files in 0.02 seconds, 1,801,444 total bytes, 89,333,412 bytes per second
[2024.12.06-06.34.09:007][  0]LogIoStore: Display: Processing shader libraries, compressing with Oodle Mermaid, level 4 (Normal)
[2024.12.06-06.34.09:022][  0]LogShaderLibrary: Display: Created IoStoreShaderArchive header: shaders grouped in 359 groups (134 of them didn't need new indices), average uncompressed size 156145 bytes, min 249 bytes, max 1047981 bytes (r.ShaderCodeLibrary.MaxShaderGroupSize=1048576)
[2024.12.06-06.34.09:246][  0]LogIoStore: Display: Global-PCD3D_SM5(PCD3D_SM5): Recompressed 3879 shaders as 359 groups. Library size changed from 12607 KB (4.34 : 1 ratio) to 5554 KB (9.86 : 1 ratio), 44.06% of previous.
[2024.12.06-06.34.09:294][  0]LogShaderLibrary: Display: Created IoStoreShaderArchive header: shaders grouped in 541 groups (183 of them didn't need new indices), average uncompressed size 211380 bytes, min 1249 bytes, max 1045875 bytes (r.ShaderCodeLibrary.MaxShaderGroupSize=1048576)
[2024.12.06-06.34.10:238][  0]LogIoStore: Display: Global-PCD3D_SM6(PCD3D_SM6): Recompressed 7548 shaders as 541 groups. Library size changed from 85421 KB (1.31 : 1 ratio) to 48060 KB (2.32 : 1 ratio), 56.26% of previous.
[2024.12.06-06.34.10:250][  0]LogShaderLibrary: Display: Created IoStoreShaderArchive header: shaders grouped in 199 groups (63 of them didn't need new indices), average uncompressed size 90362 bytes, min 249 bytes, max 965040 bytes (r.ShaderCodeLibrary.MaxShaderGroupSize=1048576)
[2024.12.06-06.34.10:329][  0]LogIoStore: Display: TopDownUE-PCD3D_SM5(PCD3D_SM5): Recompressed 1638 shaders as 199 groups. Library size changed from 5100 KB (3.44 : 1 ratio) to 2148 KB (8.17 : 1 ratio), 42.12% of previous.
[2024.12.06-06.34.10:345][  0]LogShaderLibrary: Display: Created IoStoreShaderArchive header: shaders grouped in 215 groups (42 of them didn't need new indices), average uncompressed size 161127 bytes, min 1517 bytes, max 965488 bytes (r.ShaderCodeLibrary.MaxShaderGroupSize=1048576)
[2024.12.06-06.34.10:628][  0]LogIoStore: Display: TopDownUE-PCD3D_SM6(PCD3D_SM6): Recompressed 2818 shaders as 215 groups. Library size changed from 25494 KB (1.33 : 1 ratio) to 16004 KB (2.11 : 1 ratio), 62.78% of previous.
[2024.12.06-06.34.10:633][  0]LogIoStore: Display: Shaders processed in 1.63 seconds
[2024.12.06-06.34.10:634][  0]LogIoStore: Display: Initialized WriteRequestManager with MaxConcurrentSourceReads=6 (12 cores), MaxSourceBufferMemory=3072MiB
[2024.12.06-06.34.10:640][  0]LogIoStore: Display: Processing redirects...
[2024.12.06-06.34.10:640][  0]LogIoStore: Display: Creating disk layout...
[2024.12.06-06.34.10:643][  0]LogIoStore: Display: Ordered 857 packages using fallback bundle order
[2024.12.06-06.34.10:667][  0]LogIoStore: Display: Serializing container(s)...
[2024.12.06-06.34.12:674][  0]LogIoStore: Display: Writing chunks 2198/2591... [882 compressed] [5393 compression tasks] [Physical: 2018 MiB, Virtual: 4831 MiB]
[2024.12.06-06.34.14:678][  0]LogIoStore: Display: Writing chunks 2264/2591... [949 compressed] [3786 compression tasks] [Physical: 1866 MiB, Virtual: 4484 MiB]
[2024.12.06-06.34.16:713][  0]LogIoStore: Display: Writing chunks 2453/2591... [1138 compressed] [1506 compression tasks] [Physical: 1629 MiB, Virtual: 4053 MiB]
[2024.12.06-06.34.17:977][  0]LogIoStore: Display: Writing and compressing took 7.21 seconds, writes to disk took 0.95 seconds for 582,348,448 bytes @ 612,648,640 bytes per second.
[2024.12.06-06.34.17:977][  0]LogIoStore: Display: global: Found perfect hashmap for 1 items.
[2024.12.06-06.34.17:979][  0]LogIoStore: Display: TopDownUE-Windows: Found perfect hashmap for 2590 items.
[2024.12.06-06.34.18:054][  0]LogIoStore: Display: Finalize took 0.1 seconds for 2 writers to write 530,170 bytes, 6,961,731 bytes per second
[2024.12.06-06.34.18:054][  0]LogIoStore: Display: Writing tocs... [Physical: 1395 MiB, Virtual: 3677 MiB]
[2024.12.06-06.34.18:054][  0]LogIoStore: Display: 417 / 2,591 hashes were loaded from the hash database, by type:
[2024.12.06-06.34.18:054][  0]LogIoStore: Display:     BulkData                   417
[2024.12.06-06.34.18:054][  0]LogIoStore: Display: 1,274 / 2,591 chunks attempted to compress, by type:
[2024.12.06-06.34.18:054][  0]LogIoStore: Display:     ExportBundleData           857 / 857
[2024.12.06-06.34.18:054][  0]LogIoStore: Display:     BulkData                   417 / 417
[2024.12.06-06.34.18:054][  0]LogIoStore: Display:     ScriptObjects              0 / 1
[2024.12.06-06.34.18:054][  0]LogIoStore: Display:     ContainerHeader            0 / 1
[2024.12.06-06.34.18:054][  0]LogIoStore: Display:     ShaderCodeLibrary          0 / 4
[2024.12.06-06.34.18:054][  0]LogIoStore: Display:     ShaderCode                 0 / 1,311
[2024.12.06-06.34.18:054][  0]LogIoStore: Display: Source bytes read:
[2024.12.06-06.34.18:054][  0]LogIoStore: Display:     Zen:                                  0
[2024.12.06-06.34.18:054][  0]LogIoStore: Display:     Loose File:               1,869,252,407
[2024.12.06-06.34.18:054][  0]LogIoStore: Display:         ExportBundleData        397,719,400 bytes over 1,714 reads
[2024.12.06-06.34.18:054][  0]LogIoStore: Display:         BulkData               1,471,533,007 bytes over 417 reads
[2024.12.06-06.34.18:054][  0]LogIoStore: Display:     Memory:                     148,259,352
[2024.12.06-06.34.18:054][  0]LogIoStore: Display:         ShaderCodeLibrary         1,284,520 bytes over 8 reads
[2024.12.06-06.34.18:054][  0]LogIoStore: Display:         ShaderCode              146,974,832 bytes over 2,622 reads
[2024.12.06-06.34.18:054][  0]LogIoStore: Display: Calculating stats...
[2024.12.06-06.34.18:054][  0]LogIoStore: Display: 
[2024.12.06-06.34.18:054][  0]LogIoStore: Display: Container Summary
[2024.12.06-06.34.18:054][  0]LogIoStore: Display: ==================
[2024.12.06-06.34.18:054][  0]LogIoStore: Display: 
[2024.12.06-06.34.18:054][  0]LogIoStore: Display: Container                                               Flags      Chunk(s) #       TOC (KiB)       Raw Size (MiB)           Size (MiB)
[2024.12.06-06.34.18:054][  0]LogIoStore: Display: ----------------------------------------------------------------------------------------------------------------------------------------------
[2024.12.06-06.34.18:054][  0]LogIoStore: Display: global                                              -/-/-/-/-               1            0.60                 2.16                 2.16 -
[2024.12.06-06.34.18:054][  0]LogIoStore: Display: TopDownUE-Windows                                   C/-/-/I/-            2590          517.14              1666.91               553.21 (66.81% Oodle)
[2024.12.06-06.34.18:054][  0]LogIoStore: Display: ----------------------------------------------------------------------------------------------------------------------------------------------
[2024.12.06-06.34.18:055][  0]LogIoStore: Display: Total                                                                    2591          517.74              1669.07               555.37
[2024.12.06-06.34.18:055][  0]LogIoStore: Display: 
[2024.12.06-06.34.18:055][  0]LogIoStore: Display: ** Flags: (C)ompressed / (E)ncrypted / (S)igned) / (I)ndexed) / (O)nDemand **
[2024.12.06-06.34.18:055][  0]LogIoStore: Display: 
[2024.12.06-06.34.18:055][  0]LogIoStore: Display: Compression block padding:     1.98 MiB
[2024.12.06-06.34.18:055][  0]LogIoStore: Display: 
[2024.12.06-06.34.18:055][  0]LogIoStore: Display: Container Directory Index
[2024.12.06-06.34.18:055][  0]LogIoStore: Display: ==========================
[2024.12.06-06.34.18:055][  0]LogIoStore: Display: 
[2024.12.06-06.34.18:055][  0]LogIoStore: Display: Container                                          Size (KiB)
[2024.12.06-06.34.18:055][  0]LogIoStore: Display: ----------------------------------------------------------------------------------------------------------------------------------------------
[2024.12.06-06.34.18:055][  0]LogIoStore: Display: global                                                   0.00
[2024.12.06-06.34.18:055][  0]LogIoStore: Display: TopDownUE-Windows                                       60.11
[2024.12.06-06.34.18:055][  0]LogIoStore: Display: 
[2024.12.06-06.34.18:055][  0]LogIoStore: Display: Container Patch Report
[2024.12.06-06.34.18:055][  0]LogIoStore: Display: ========================
[2024.12.06-06.34.18:055][  0]LogIoStore: Display: 
[2024.12.06-06.34.18:055][  0]LogIoStore: Display: Container                                             Total #       Modified #          Added #   Modified (MiB)      Added (MiB)
[2024.12.06-06.34.18:055][  0]LogIoStore: Display: ----------------------------------------------------------------------------------------------------------------------------------------------
[2024.12.06-06.34.18:055][  0]LogIoStore: Display: global                                                      1                0                0             0.00             0.00
[2024.12.06-06.34.18:055][  0]LogIoStore: Display: TopDownUE-Windows                                        2590                0             2590             0.00           551.23
[2024.12.06-06.34.18:055][  0]LogIoStore: Display: 
[2024.12.06-06.34.18:055][  0]LogIoStore: Display: PackageStore
[2024.12.06-06.34.18:055][  0]LogIoStore: Display: =============
[2024.12.06-06.34.18:055][  0]LogIoStore: Display: 
[2024.12.06-06.34.18:055][  0]LogIoStore: Display: Container                                          Size (KiB)      Packages #     Localized #
[2024.12.06-06.34.18:055][  0]LogIoStore: Display: ----------------------------------------------------------------------------------------------------------------------------------------------
[2024.12.06-06.34.18:055][  0]LogIoStore: Display: TopDownUE-Windows                                          34             857               0
[2024.12.06-06.34.18:055][  0]LogIoStore: Display: ----------------------------------------------------------------------------------------------------------------------------------------------
[2024.12.06-06.34.18:057][  0]LogIoStore: Display: Total                                                      34             857               0
[2024.12.06-06.34.18:057][  0]LogIoStore: Display: 
[2024.12.06-06.34.18:058][  0]LogIoStore: Display: 
[2024.12.06-06.34.18:058][  0]LogIoStore: Display: Input:       857 Packages
[2024.12.06-06.34.18:058][  0]LogIoStore: Display: Input:      0.19 GB UExp
[2024.12.06-06.34.18:058][  0]LogIoStore: Display: Input:      0.00 GB UAsset
[2024.12.06-06.34.18:058][  0]LogIoStore: Display: Input:      1.37 GB UBulk
[2024.12.06-06.34.18:058][  0]LogIoStore: Display: Input:     52.36 MB for 900 Global shaders
[2024.12.06-06.34.18:058][  0]LogIoStore: Display: Input:      2.39 MB for 151 Shared shaders
[2024.12.06-06.34.18:058][  0]LogIoStore: Display: Input:      0.00 MB for 0 Unique shaders
[2024.12.06-06.34.18:058][  0]LogIoStore: Display: Input:     15.34 MB for 260 Inline shaders
[2024.12.06-06.34.18:058][  0]LogIoStore: Display: 
[2024.12.06-06.34.18:058][  0]LogIoStore: Display: Output:     7641 Name map entries
[2024.12.06-06.34.18:058][  0]LogIoStore: Display: Output:     1815 Imported package entries
[2024.12.06-06.34.18:058][  0]LogIoStore: Display: Output:      506 Packages without imports
[2024.12.06-06.34.18:058][  0]LogIoStore: Display: Output:        0 Public runtime script objects
[2024.12.06-06.34.18:058][  0]LogIoStore: Display: Output:     0.00 GB HeaderData
[2024.12.06-06.34.18:058][  0]LogIoStore: Display: Output:     2.16 MB InitialLoadData
[2024.12.06-06.34.18:058][  0]LogIoStore: Display: 
[2024.12.06-06.34.18:064][  0]LogPakFile: Display: UnrealPak executed in 9.248506 seconds
[2024.12.06-06.34.18:139][  0]LogCore: Engine exit requested (reason: UnrealPak Exiting)
[2024.12.06-06.34.18:139][  0]LogExit: Preparing to exit.
[2024.12.06-06.34.18:140][  0]LogExit: Object subsystem successfully closed.
[2024.12.06-06.34.18:141][  0]LogPakFile: Destroying PakPlatformFile
[2024.12.06-06.34.18:141][  0]LogExit: Exiting.
[2024.12.06-06.34.18:177][  0]Log file closed, 12/06/24 11:34:18
